<?xml version="1.0" encoding="UTF-8"?>
<testsuite name="Busqueda basica de un hotel" tests="1" skipped="0" failures="0" errors="0" timestamp="2021-07-22T01:40:38" hostname="LAPTOP-6N9OQL9L" time="28.569">
  <properties/>
  <testcase name="Flujo exitoso para cliente que busca un hotel" classname="Busqueda basica de un hotel" time="28.569"/>
  <system-out><![CDATA[
Escenario: Flujo exitoso para cliente que busca un hotel        ?[90m# src/test/resources/features/01_basic_search.feature:5?[0m
Feature from file:///C:/Users/Fitideas/Desktop/My-Proyecto/src/test/resources/features/01_basic_search.feature
20:40:38.745 [Test worker] INFO  - 
 _____ _____ ____ _____   ____ _____  _    ____ _____ _____ ____  
|_   _| ____/ ___|_   _| / ___|_   _|/ \  |  _ \_   _| ____|  _ \ 
  | | |  _| \___ \ | |   \___ \ | | / _ \ | |_) || | |  _| | | | |
  | | | |___ ___) || |    ___) || |/ ___ \|  _ < | | | |___| |_| |
  |_| |_____|____/ |_|   |____/ |_/_/   \_\_| \_\|_| |_____|____/ 

Flujo exitoso para cliente que busca un hotel(busqueda-basica-de-un-hotel;flujo-exitoso-para-cliente-que-busca-un-hotel)
-------------------------------------------------------------------
20:40:38.805 [Test worker] DEBUG net.thucydides.core.requirements.model.cucumber.CucumberParser - Added feature Busqueda basica de un hotel
20:40:38.812 [Test worker] DEBUG net.thucydides.core.requirements.model.cucumber.CucumberParser - Added feature Busqueda basica para rentar un auto
20:40:38.815 [Test worker] DEBUG net.thucydides.core.requirements.model.cucumber.CucumberParser - Added feature Validación de campos obligatorios para hospedaje
20:40:38.817 [Test worker] DEBUG net.thucydides.core.requirements.model.cucumber.CucumberParser - Added feature Validar informacion al intentar reservar un hotel
20:40:40.183 [Test worker] INFO net.serenitybdd.core.webdriver.driverproviders.ProvideNewDriver - Instantiating driver
20:40:40.183 [Test worker] INFO net.serenitybdd.core.webdriver.driverproviders.ProvideNewDriver - Driver capabilities: Capabilities {acceptInsecureCerts: false, browserName: chrome, chrome.switches: --start-maximized;--test-ty..., goog:chromeOptions: {args: [--start-maximized, --test-type, --no-sandbox, --ignore-certificate-errors..., --disable-popup-blocking, --disable-default-apps, --disable-extensions-file-a..., --incognito, --disable-infobars, --disable-gpu], extensions: []}, loggingPrefs: org.openqa.selenium.logging..., platform: ANY, version: }
20:40:43.433 [Test worker] DEBUG net.thucydides.core.util.PropertiesFileLocalPreferences - webdriver.driver=chrome
20:40:43.433 [Test worker] DEBUG net.thucydides.core.util.PropertiesFileLocalPreferences - drivers.windows.webdriver.chrome.driver=src/test/resources/webdriver/windows/chromedriver.exe
20:40:43.433 [Test worker] DEBUG net.thucydides.core.util.PropertiesFileLocalPreferences - serenity.take.screenshots.for.questions=for_failures
20:40:43.433 [Test worker] DEBUG net.thucydides.core.util.PropertiesFileLocalPreferences - environments.default.webdriver.base.url=https://www.travelocity.com/
20:40:43.433 [Test worker] DEBUG net.thucydides.core.util.PropertiesFileLocalPreferences - serenity.browser.height=1000
20:40:43.433 [Test worker] DEBUG net.thucydides.core.util.PropertiesFileLocalPreferences - serenity.browser.width=1200
20:40:43.433 [Test worker] DEBUG net.thucydides.core.util.PropertiesFileLocalPreferences - chrome.switches=--start-maximized;--test-type;--no-sandbox;--ignore-certificate-errors;\r\n                   --disable-popup-blocking;--disable-default-apps;--disable-extensions-file-access-check;\r\n                   --incognito;--disable-infobars,--disable-gpu
20:40:43.433 [Test worker] DEBUG net.thucydides.core.util.PropertiesFileLocalPreferences - drivers.windows.webdriver.gecko.driver=src/test/resources/webdriver/windows/geckodriver.exe
20:40:43.433 [Test worker] DEBUG net.thucydides.core.util.PropertiesFileLocalPreferences - headless.mode=false
20:40:43.468 [Test worker] DEBUG net.serenitybdd.core.photography.Darkroom - Opening darkroom
20:40:43.473 [Darkroom Processing Line] DEBUG net.serenitybdd.core.photography.DarkroomProcessingLine - Darkroom processing line starting up
20:40:43.783 [Test worker] DEBUG net.serenitybdd.core.photography.Darkroom - Send negative for processing for C:\Users\Fitideas\Desktop\My-Proyecto\target\site\serenity\d318b19f2b000b8a5b68fa9c8ba3ac0c08b3b11ec7c29f005322adfa6a9b9cc3.png
20:40:43.783 [Test worker] DEBUG net.thucydides.core.steps.StepInterceptor - STARTING STEP: StaysSteps.customerBegin - {0}Se inicia el proceso
20:40:43.813 [Test worker] DEBUG net.thucydides.core.steps.StepInterceptor - STARTING STEP: StartFlow.performAs - {0} opens the #url
20:40:51.912 [Test worker] DEBUG net.serenitybdd.core.photography.Darkroom - Send negative for processing for C:\Users\Fitideas\Desktop\My-Proyecto\target\site\serenity\087a4262f6f6f479550da137ee74b87fd6da8ff72e49fab3ff010a71043473c9.png
20:40:51.915 [Test worker] DEBUG net.thucydides.core.steps.StepInterceptor - STEP DONE: {0} opens the #url
20:40:51.933 [Test worker] DEBUG net.thucydides.core.steps.StepInterceptor - STEP DONE: {0}Se inicia el proceso
  ?[32mDado ?[0m?[32mQue ?[0m?[32m?[1mJuan?[0m?[32m es un usuario que ingresa a la aplicacion?[0m       ?[90m# automation.qa.ui.steps.StaysSteps.customerBegin(java.lang.String)?[0m
Step argument class io.cucumber.core.gherkin.vintage.GherkinVintageDataTableArgument
20:40:52.429 [Test worker] DEBUG net.serenitybdd.core.photography.Darkroom - Send negative for processing for C:\Users\Fitideas\Desktop\My-Proyecto\target\site\serenity\087a4262f6f6f479550da137ee74b87fd6da8ff72e49fab3ff010a71043473c9.png
20:40:52.468 [Test worker] DEBUG net.thucydides.core.steps.StepInterceptor - STARTING STEP: StaysSteps.customerEnterStaysData - performAs
20:40:52.945 [Test worker] DEBUG net.serenitybdd.core.photography.Darkroom - Send negative for processing for C:\Users\Fitideas\Desktop\My-Proyecto\target\site\serenity\087a4262f6f6f479550da137ee74b87fd6da8ff72e49fab3ff010a71043473c9.png
20:40:52.946 [Test worker] DEBUG net.thucydides.core.steps.StepInterceptor - STARTING STEP: Stays.performAs - {0} clicks on #target
20:40:52.947 [Test worker] DEBUG net.serenitybdd.screenplay.targets.IFrameSwitcher - default content already selected for Going To
20:40:54.178 [Test worker] DEBUG net.serenitybdd.core.photography.Darkroom - Send negative for processing for C:\Users\Fitideas\Desktop\My-Proyecto\target\site\serenity\558a3d0066c35a9ab4b5bc4f2ac16194c7256b2a2cd2702f4153a65c0833b69a.png
20:40:54.179 [Darkroom Processing Line] DEBUG net.serenitybdd.core.photography.DarkroomProcessingLine - Processing screenshot image in /var/screenshots/screenshot-8556912231135238235
20:40:54.179 [Test worker] DEBUG net.thucydides.core.steps.StepInterceptor - STEP DONE: {0} clicks on #target
20:40:54.180 [Darkroom Processing Line] DEBUG net.serenitybdd.core.photography.DarkroomProcessingLine - Saving screenshot to C:\Users\Fitideas\Desktop\My-Proyecto\target\site\serenity\558a3d0066c35a9ab4b5bc4f2ac16194c7256b2a2cd2702f4153a65c0833b69a.png
20:40:54.226 [Test worker] DEBUG net.thucydides.core.steps.StepInterceptor - STARTING STEP: Stays.performAs - {0} enters #theTextAsAString into #target
20:40:54.228 [Test worker] DEBUG net.serenitybdd.screenplay.targets.IFrameSwitcher - default content already selected for Going To
20:40:55.172 [Test worker] DEBUG net.serenitybdd.screenplay.targets.IFrameSwitcher - default content already selected for Going To
20:40:55.719 [Test worker] DEBUG net.serenitybdd.core.photography.Darkroom - Send negative for processing for C:\Users\Fitideas\Desktop\My-Proyecto\target\site\serenity\528f800a7c53d46a576345cdeb1bbd5f968711b53da57b320c6b0d2f0be794df.png
20:40:55.720 [Test worker] DEBUG net.thucydides.core.steps.StepInterceptor - STEP DONE: {0} enters #theTextAsAString into #target
20:40:55.720 [Darkroom Processing Line] DEBUG net.serenitybdd.core.photography.DarkroomProcessingLine - Processing screenshot image in /var/screenshots/screenshot-7047058003980337228
20:40:55.720 [Darkroom Processing Line] DEBUG net.serenitybdd.core.photography.DarkroomProcessingLine - Saving screenshot to C:\Users\Fitideas\Desktop\My-Proyecto\target\site\serenity\528f800a7c53d46a576345cdeb1bbd5f968711b53da57b320c6b0d2f0be794df.png
20:40:55.722 [Test worker] DEBUG net.serenitybdd.screenplay.targets.IFrameSwitcher - default content already selected for Search
20:40:56.428 [Test worker] DEBUG net.serenitybdd.core.photography.Darkroom - Send negative for processing for C:\Users\Fitideas\Desktop\My-Proyecto\target\site\serenity\ce13715b6234dc543c6912f85beba2e286aef9e0fd80cac72c6c32885fbc314f.png
20:40:56.429 [Test worker] DEBUG net.thucydides.core.steps.StepInterceptor - STARTING STEP: Stays.performAs - {0} clicks on #target
20:40:56.431 [Test worker] DEBUG net.serenitybdd.screenplay.targets.IFrameSwitcher - default content already selected for Search
20:41:05.595 [Test worker] DEBUG net.serenitybdd.core.photography.Darkroom - Send negative for processing for C:\Users\Fitideas\Desktop\My-Proyecto\target\site\serenity\a42a1b90fdac0ab162ff199429d4fe4ce5baf9faba12c5b2441ac35dee799fcf.png
20:41:05.595 [Test worker] DEBUG net.thucydides.core.steps.StepInterceptor - STEP DONE: {0} clicks on #target
20:41:05.596 [Darkroom Processing Line] DEBUG net.serenitybdd.core.photography.DarkroomProcessingLine - Processing screenshot image in /var/screenshots/screenshot-5553356596763699533
20:41:05.596 [Darkroom Processing Line] DEBUG net.serenitybdd.core.photography.DarkroomProcessingLine - Saving screenshot to C:\Users\Fitideas\Desktop\My-Proyecto\target\site\serenity\a42a1b90fdac0ab162ff199429d4fe4ce5baf9faba12c5b2441ac35dee799fcf.png
20:41:05.617 [Test worker] DEBUG net.thucydides.core.steps.StepInterceptor - STEP DONE: performAs
  ?[32mCuando ?[0m?[32mDigita la informacion de la ciudad a visitar?[0m           ?[90m# automation.qa.ui.steps.StaysSteps.customerEnterStaysData(java.util.List<automation.qa.ui.dtos.StaysData>)?[0m
20:41:05.777 [Test worker] DEBUG net.serenitybdd.screenplay.targets.IFrameSwitcher - default content already selected for Search Result
  ?[32mEntonces ?[0m?[32mEl sistema le mostrara los resultados de la busqueda?[0m ?[90m# automation.qa.ui.steps.StaysSteps.customerSuccess()?[0m
20:41:06.376 [Test worker] DEBUG net.serenitybdd.core.photography.Darkroom - Send negative for processing for C:\Users\Fitideas\Desktop\My-Proyecto\target\site\serenity\a42a1b90fdac0ab162ff199429d4fe4ce5baf9faba12c5b2441ac35dee799fcf.png
20:41:07.141 [Test worker] INFO  - 
        __    _____ _____ ____ _____   ____   _    ____  ____  _____ ____  
  _     \ \  |_   _| ____/ ___|_   _| |  _ \ / \  / ___|/ ___|| ____|  _ \ 
 (_)_____| |   | | |  _| \___ \ | |   | |_) / _ \ \___ \\___ \|  _| | | | |
  _|_____| |   | | | |___ ___) || |   |  __/ ___ \ ___) |___) | |___| |_| |
 (_)     | |   |_| |_____|____/ |_|   |_| /_/   \_\____/|____/|_____|____/ 
        /_/                                                                

Flujo exitoso para cliente que busca un hotel
----------------------------------------------------------------------------
]]></system-out>
  <system-err><![CDATA[jul 21, 2021 8:40:38 PM org.openqa.selenium.remote.DesiredCapabilities chrome
INFORMACIÓN: Using `new ChromeOptions()` is preferred to `DesiredCapabilities.chrome()`
Starting ChromeDriver 91.0.4472.19 (1bf021f248676a0b2ab3ee0561d83a59e424c23e-refs/branch-heads/4472@{#288}) on port 48511
Only local connections are allowed.
Please see https://chromedriver.chromium.org/security-considerations for suggestions on keeping ChromeDriver safe.
ChromeDriver was started successfully.
jul 21, 2021 8:40:42 PM org.openqa.selenium.remote.ProtocolHandshake createSession
INFORMACIÓN: Detected dialect: W3C
]]></system-err>
</testsuite>
